<?xml version="1.0" encoding="UTF-8"?>
<testsuite xmlns:xsi="http://www.w3.org/2001/XMLSchema-instance" xsi:noNamespaceSchemaLocation="https://maven.apache.org/surefire/maven-surefire-plugin/xsd/surefire-test-report-3.0.xsd" version="3.0" name="com.example.app.AppApplicationTests" time="9.365" tests="1" errors="0" skipped="0" failures="0">
  <properties>
[...]
</properties>
  <testcase name="contextLoads" classname="com.example.app.AppApplicationTests" time="0.775">
    <system-out><![CDATA[18:46:17.481 [main] INFO org.springframework.test.context.support.AnnotationConfigContextLoaderUtils -- Could not detect default configuration classes for test class [com.example.app.AppApplicationTests]: AppApplicationTests does not declare any static, non-private, non-final, nested classes annotated with @Configuration.
18:46:17.583 [main] INFO org.springframework.boot.test.context.SpringBootTestContextBootstrapper -- Found @SpringBootConfiguration com.example.app.AppApplication for test class com.example.app.AppApplicationTests

  .   ____          _            __ _ _
 /\\ / ___'_ __ _ _(_)_ __  __ _ \ \ \ \
( ( )\___ | '_ | '_| | '_ \/ _` | \ \ \ \
 \\/  ___)| |_)| | | | | || (_| |  ) ) ) )
  '  |____| .__|_| |_|_| |_\__, | / / / /
 =========|_|==============|___/=/_/_/_/
 :: Spring Boot ::                (v3.1.0)

2023-05-31T18:46:17.975-03:00  INFO 17508 --- [           main] com.example.app.AppApplicationTests      : Starting AppApplicationTests using Java 19 with PID 17508 (started by luaas in C:\Users\luaas\git\TrieSearchGUI)
2023-05-31T18:46:17.977-03:00  INFO 17508 --- [           main] com.example.app.AppApplicationTests      : No active profile set, falling back to 1 default profile: "default"
2023-05-31T18:46:25.764-03:00  INFO 17508 --- [           main] o.s.b.a.w.s.WelcomePageHandlerMapping    : Adding welcome page: class path resource [static/index.html]
2023-05-31T18:46:25.878-03:00  INFO 17508 --- [           main] com.example.app.AppApplicationTests      : Started AppApplicationTests in 8.159 seconds (process running for 9.043)
]]></system-out>
  </testcase>
</testsuite>